<?xml version="1.0" encoding="UTF-8"?>
<testng-results skipped="0" failed="0" total="1" passed="1">
  <reporter-output>
  </reporter-output>
  <suite name="Suite" duration-ms="44608" started-at="2021-06-30T15:04:43Z" finished-at="2021-06-30T15:05:27Z">
    <groups>
    </groups>
    <test name="Test" duration-ms="44608" started-at="2021-06-30T15:04:43Z" finished-at="2021-06-30T15:05:27Z">
      <class name="testCases.WeatherTC">
        <test-method status="PASS" signature="launchBrowser()[pri:0, instance:testCases.WeatherTC@5442a311]" name="launchBrowser" is-config="true" duration-ms="22622" started-at="2021-06-30T20:34:43Z" finished-at="2021-06-30T20:35:05Z">
          <reporter-output>
          </reporter-output>
        </test-method> <!-- launchBrowser -->
        <test-method status="PASS" signature="getWeatherDeatils()[pri:0, instance:testCases.WeatherTC@5442a311]" name="getWeatherDeatils" duration-ms="21144" started-at="2021-06-30T20:35:05Z" finished-at="2021-06-30T20:35:26Z">
          <reporter-output>
          </reporter-output>
        </test-method> <!-- getWeatherDeatils -->
        <test-method status="PASS" signature="closeBrowser()[pri:0, instance:testCases.WeatherTC@5442a311]" name="closeBrowser" is-config="true" duration-ms="74" started-at="2021-06-30T20:35:27Z" finished-at="2021-06-30T20:35:27Z">
          <reporter-output>
          </reporter-output>
        </test-method> <!-- closeBrowser -->
      </class> <!-- testCases.WeatherTC -->
    </test> <!-- Test -->
  </suite> <!-- Suite -->
</testng-results>
