<?xml version="1.0" encoding="UTF-8"?>
<testng-results skipped="0" failed="0" total="1" passed="1">
  <reporter-output>
  </reporter-output>
  <suite name="Default suite" duration-ms="50819" started-at="2021-06-30T14:35:27Z" finished-at="2021-06-30T14:36:17Z">
    <groups>
    </groups>
    <test name="Default test" duration-ms="50819" started-at="2021-06-30T14:35:27Z" finished-at="2021-06-30T14:36:17Z">
      <class name="testCases.WeatherTC">
        <test-method status="PASS" signature="launchBrowser()[pri:0, instance:testCases.WeatherTC@53b32d7]" name="launchBrowser" is-config="true" duration-ms="44387" started-at="2021-06-30T20:05:27Z" finished-at="2021-06-30T20:06:11Z">
          <reporter-output>
          </reporter-output>
        </test-method> <!-- launchBrowser -->
        <test-method status="PASS" signature="getWeatherDeatils()[pri:0, instance:testCases.WeatherTC@53b32d7]" name="getWeatherDeatils" duration-ms="6398" started-at="2021-06-30T20:06:11Z" finished-at="2021-06-30T20:06:17Z">
          <reporter-output>
          </reporter-output>
        </test-method> <!-- getWeatherDeatils -->
      </class> <!-- testCases.WeatherTC -->
    </test> <!-- Default test -->
  </suite> <!-- Default suite -->
</testng-results>
